\BOOKMARK [1][-]{section.1}{Abstract}{}% 1
\BOOKMARK [1][-]{section.2}{Symbol Table}{}% 2
\BOOKMARK [1][-]{section.3}{Problem 1}{}% 3
\BOOKMARK [2][-]{subsection.3.1}{Problem Analysis}{section.3}% 4
\BOOKMARK [2][-]{subsection.3.2}{Modeling}{section.3}% 5
\BOOKMARK [2][-]{subsection.3.3}{Problem Formulation}{section.3}% 6
\BOOKMARK [2][-]{subsection.3.4}{Complexity Analysis}{section.3}% 7
\BOOKMARK [2][-]{subsection.3.5}{Algorithm Design}{section.3}% 8
\BOOKMARK [2][-]{subsection.3.6}{Performance Analysis}{section.3}% 9
\BOOKMARK [2][-]{subsection.3.7}{Efficiency Analysis}{section.3}% 10
\BOOKMARK [1][-]{section.4}{Problem 2}{}% 11
\BOOKMARK [2][-]{subsection.4.1}{Problem Analysis}{section.4}% 12
\BOOKMARK [2][-]{subsection.4.2}{Problem Formulation and Complexity Analysis}{section.4}% 13
\BOOKMARK [2][-]{subsection.4.3}{Algorithm Design}{section.4}% 14
\BOOKMARK [2][-]{subsection.4.4}{Performance Analysis}{section.4}% 15
\BOOKMARK [2][-]{subsection.4.5}{Efficiency Analysis}{section.4}% 16
\BOOKMARK [1][-]{section.5}{Problem 3}{}% 17
\BOOKMARK [2][-]{subsection.5.1}{Problem Analysis}{section.5}% 18
\BOOKMARK [2][-]{subsection.5.2}{Algorithm Design}{section.5}% 19
\BOOKMARK [2][-]{subsection.5.3}{Performance Analysis}{section.5}% 20
\BOOKMARK [2][-]{subsection.5.4}{Efficiency Analysis}{section.5}% 21
\BOOKMARK [1][-]{section.6}{Problem 4}{}% 22
\BOOKMARK [2][-]{subsection.6.1}{Problem Analysis}{section.6}% 23
\BOOKMARK [2][-]{subsection.6.2}{Complexity Analysis}{section.6}% 24
\BOOKMARK [2][-]{subsection.6.3}{Modeling}{section.6}% 25
\BOOKMARK [2][-]{subsection.6.4}{Algorithm Design}{section.6}% 26
\BOOKMARK [1][-]{section.7}{Parameter Determination}{}% 27
\BOOKMARK [1][-]{section.8}{Performance Evaluation}{}% 28
\BOOKMARK [1][-]{section.9}{Sensitivity Test}{}% 29
\BOOKMARK [1][-]{section.10}{Summary}{}% 30
\BOOKMARK [1][-]{section.11}{Acknowledgement}{}% 31
