\BOOKMARK [1][-]{section.1}{Introduction}{}% 1
\BOOKMARK [2][-]{subsection.1.1}{Problem Background}{section.1}% 2
\BOOKMARK [2][-]{subsection.1.2}{Our work}{section.1}% 3
\BOOKMARK [1][-]{section.2}{Preparation of the Models}{}% 4
\BOOKMARK [2][-]{subsection.2.1}{Assumptions}{section.2}% 5
\BOOKMARK [2][-]{subsection.2.2}{Notations}{section.2}% 6
\BOOKMARK [1][-]{section.3}{Time-space Based Temperature Model through PDE}{}% 7
\BOOKMARK [2][-]{subsection.3.1}{Construction of PDE-Solving Model}{section.3}% 8
\BOOKMARK [3][-]{subsubsection.3.1.1}{General Preparations for PDE Solving Model}{subsection.3.1}% 9
\BOOKMARK [3][-]{subsubsection.3.1.2}{Partial Differential Equation of Heat Conduction}{subsection.3.1}% 10
\BOOKMARK [3][-]{subsubsection.3.1.3}{Inflow Process}{subsection.3.1}% 11
\BOOKMARK [3][-]{subsubsection.3.1.4}{Boundary Conditions of PDE}{subsection.3.1}% 12
\BOOKMARK [2][-]{subsection.3.2}{Parameter Testing by Free Cooling Process}{section.3}% 13
\BOOKMARK [1][-]{section.4}{Analysis of the Best Strategy}{}% 14
\BOOKMARK [2][-]{subsection.4.1}{Different Temperature, Same Flux}{section.4}% 15
\BOOKMARK [2][-]{subsection.4.2}{Different Flux, Same Temperature}{section.4}% 16
\BOOKMARK [2][-]{subsection.4.3}{Confirm the inflow methods}{section.4}% 17
\BOOKMARK [1][-]{section.5}{Analysis of Various Conditions}{}% 18
\BOOKMARK [2][-]{subsection.5.1}{The Factors of the Bathtub}{section.5}% 19
\BOOKMARK [2][-]{subsection.5.2}{The Factors of the person}{section.5}% 20
\BOOKMARK [2][-]{subsection.5.3}{A Bubble Bath Additive}{section.5}% 21
\BOOKMARK [2][-]{subsection.5.4}{New Consideration: Different Initial Temperature}{section.5}% 22
\BOOKMARK [1][-]{section.6}{Conclusion}{}% 23
\BOOKMARK [1][-]{section.7}{Strengths and Weaknesses}{}% 24
\BOOKMARK [2][-]{subsection.7.1}{Strengths}{section.7}% 25
\BOOKMARK [2][-]{subsection.7.2}{Weaknesses}{section.7}% 26
\BOOKMARK [1][-]{subsection.7.2}{Report for the Users}{}% 27
\BOOKMARK [1][-]{Item.17}{References}{}% 28
