This is pdfTeX, Version 3.14159265-2.6-1.40.20 (MiKTeX 2.9.6960 64-bit) (preloaded format=pdflatex 2019.3.7)  6 JUN 2019 23:51
entering extended mode
**./PAPER.tex
(PAPER.tex
LaTeX2e <2018-12-01>
(D:\MikTex\tex/latex/base\article.cls
Document Class: article 2018/09/03 v1.4i Standard LaTeX document class
(D:\MikTex\tex/latex/base\size12.clo
File: size12.clo 2018/09/03 v1.4i Standard LaTeX file (size option)
)
\c@part=\count80
\c@section=\count81
\c@subsection=\count82
\c@subsubsection=\count83
\c@paragraph=\count84
\c@subparagraph=\count85
\c@figure=\count86
\c@table=\count87
\abovecaptionskip=\skip41
\belowcaptionskip=\skip42
\bibindent=\dimen102
) (easymcm.sty
Package: easymcm 2018/10/02 EasyMCM v5.01

EasyMCM Package, version v5.01
(D:\MikTex\tex/latex/geometry\geometry.sty
Package: geometry 2018/04/16 v5.8 Page Geometry

(D:\MikTex\tex/latex/graphics\keyval.sty
Package: keyval 2014/10/28 v1.15 key=value parser (DPC)
\KV@toks@=\toks14
)
(D:\MikTex\tex/generic/oberdiek\ifpdf.sty
Package: ifpdf 2018/09/07 v3.3 Provides the ifpdf switch
)
(D:\MikTex\tex/generic/oberdiek\ifvtex.sty
Package: ifvtex 2016/05/16 v1.6 Detect VTeX and its facilities (HO)
Package ifvtex Info: VTeX not detected.
)
(D:\MikTex\tex/generic/ifxetex\ifxetex.sty
Package: ifxetex 2010/09/12 v0.6 Provides ifxetex conditional
)
\Gm@cnth=\count88
\Gm@cntv=\count89
\c@Gm@tempcnt=\count90
\Gm@bindingoffset=\dimen103
\Gm@wd@mp=\dimen104
\Gm@odd@mp=\dimen105
\Gm@even@mp=\dimen106
\Gm@layoutwidth=\dimen107
\Gm@layoutheight=\dimen108
\Gm@layouthoffset=\dimen109
\Gm@layoutvoffset=\dimen110
\Gm@dimlist=\toks15

(D:\MikTex\tex/latex/geometry\geometry.cfg))
(D:\MikTex\tex/latex/xcolor\xcolor.sty
Package: xcolor 2016/05/11 v2.12 LaTeX color extensions (UK)

(D:\MikTex\tex/latex/graphics-cfg\color.cfg
File: color.cfg 2016/01/02 v1.6 sample color configuration
)
Package xcolor Info: Driver file: pdftex.def on input line 225.

(D:\MikTex\tex/latex/graphics-def\pdftex.def
File: pdftex.def 2018/01/08 v1.0l Graphics/color driver for pdftex
)
Package xcolor Info: Model `cmy' substituted by `cmy0' on input line 1348.
Package xcolor Info: Model `hsb' substituted by `rgb' on input line 1352.
Package xcolor Info: Model `RGB' extended on input line 1364.
Package xcolor Info: Model `HTML' substituted by `rgb' on input line 1366.
Package xcolor Info: Model `Hsb' substituted by `hsb' on input line 1367.
Package xcolor Info: Model `tHsb' substituted by `hsb' on input line 1368.
Package xcolor Info: Model `HSB' substituted by `hsb' on input line 1369.
Package xcolor Info: Model `Gray' substituted by `gray' on input line 1370.
Package xcolor Info: Model `wave' substituted by `hsb' on input line 1371.
)
(D:\MikTex\tex/latex/fancyhdr\fancyhdr.sty
Package: fancyhdr 2019/01/31 v3.10 Extensive control of page headers and footer
s
\f@nch@headwidth=\skip43
\f@nch@O@elh=\skip44
\f@nch@O@erh=\skip45
\f@nch@O@olh=\skip46
\f@nch@O@orh=\skip47
\f@nch@O@elf=\skip48
\f@nch@O@erf=\skip49
\f@nch@O@olf=\skip50
\f@nch@O@orf=\skip51
)
(D:\MikTex\tex/latex/fancybox\fancybox.sty
Package: fancybox 2010/05/15 1.4

Style option: `fancybox' v1.4 <2010/05/15> (tvz)
\@fancybox=\box27
\shadowsize=\dimen111
\@Sbox=\box28
\do@VerbBox=\toks16
\the@fancyput=\toks17
\this@fancyput=\toks18
\EndVerbatimTokens=\toks19
\Verbatim@Outfile=\write3
\Verbatim@Infile=\read1
) (D:\MikTex\tex/latex/graphics\graphicx.sty
Package: graphicx 2017/06/01 v1.1a Enhanced LaTeX Graphics (DPC,SPQR)

(D:\MikTex\tex/latex/graphics\graphics.sty
Package: graphics 2017/06/25 v1.2c Standard LaTeX Graphics (DPC,SPQR)

(D:\MikTex\tex/latex/graphics\trig.sty
Package: trig 2016/01/03 v1.10 sin cos tan (DPC)
)
(D:\MikTex\tex/latex/graphics-cfg\graphics.cfg
File: graphics.cfg 2016/06/04 v1.11 sample graphics configuration
)
Package graphics Info: Driver file: pdftex.def on input line 99.
)
\Gin@req@height=\dimen112
\Gin@req@width=\dimen113
)
(D:\MikTex\tex/latex/base\ifthen.sty
Package: ifthen 2014/09/29 v1.1c Standard LaTeX ifthen package (DPC)
)
(D:\MikTex\tex/latex/lastpage\lastpage.sty
Package: lastpage 2015/03/29 v1.2m Refers to last page's name (HMM; JPG)
)
(D:\MikTex\tex/latex/paralist\paralist.sty
Package: paralist 2017/01/22 v2.7 Extended list environments
\pltopsep=\skip52
\plpartopsep=\skip53
\plitemsep=\skip54
\plparsep=\skip55
\pl@lab=\toks20
)
(D:\MikTex\tex/latex/amscls\amsthm.sty
Package: amsthm 2017/10/31 v2.20.4
\thm@style=\toks21
\thm@bodyfont=\toks22
\thm@headfont=\toks23
\thm@notefont=\toks24
\thm@headpunct=\toks25
\thm@preskip=\skip56
\thm@postskip=\skip57
\thm@headsep=\skip58
\dth@everypar=\toks26
)
(D:\MikTex\tex/latex/amsfonts\amsfonts.sty
Package: amsfonts 2013/01/14 v3.01 Basic AMSFonts support
\@emptytoks=\toks27
\symAMSa=\mathgroup4
\symAMSb=\mathgroup5
LaTeX Font Info:    Overwriting math alphabet `\mathfrak' in version `bold'
(Font)                  U/euf/m/n --> U/euf/b/n on input line 106.
)
(D:\MikTex\tex/latex/amsmath\amsmath.sty
Package: amsmath 2018/12/01 v2.17b AMS math features
\@mathmargin=\skip59

For additional information on amsmath, use the `?' option.
(D:\MikTex\tex/latex/amsmath\amstext.sty
Package: amstext 2000/06/29 v2.01 AMS text

(D:\MikTex\tex/latex/amsmath\amsgen.sty
File: amsgen.sty 1999/11/30 v2.0 generic functions
\@emptytoks=\toks28
\ex@=\dimen114
))
(D:\MikTex\tex/latex/amsmath\amsbsy.sty
Package: amsbsy 1999/11/29 v1.2d Bold Symbols
\pmbraise@=\dimen115
)
(D:\MikTex\tex/latex/amsmath\amsopn.sty
Package: amsopn 2016/03/08 v2.02 operator names
)
\inf@bad=\count91
LaTeX Info: Redefining \frac on input line 223.
\uproot@=\count92
\leftroot@=\count93
LaTeX Info: Redefining \overline on input line 385.
\classnum@=\count94
\DOTSCASE@=\count95
LaTeX Info: Redefining \ldots on input line 482.
LaTeX Info: Redefining \dots on input line 485.
LaTeX Info: Redefining \cdots on input line 606.
\Mathstrutbox@=\box29
\strutbox@=\box30
\big@size=\dimen116
LaTeX Font Info:    Redeclaring font encoding OML on input line 729.
LaTeX Font Info:    Redeclaring font encoding OMS on input line 730.
\macc@depth=\count96
\c@MaxMatrixCols=\count97
\dotsspace@=\muskip10
\c@parentequation=\count98
\dspbrk@lvl=\count99
\tag@help=\toks29
\row@=\count100
\column@=\count101
\maxfields@=\count102
\andhelp@=\toks30
\eqnshift@=\dimen117
\alignsep@=\dimen118
\tagshift@=\dimen119
\tagwidth@=\dimen120
\totwidth@=\dimen121
\lineht@=\dimen122
\@envbody=\toks31
\multlinegap=\skip60
\multlinetaggap=\skip61
\mathdisplay@stack=\toks32
LaTeX Info: Redefining \[ on input line 2844.
LaTeX Info: Redefining \] on input line 2845.
) (D:\MikTex\tex/latex/tools\bm.sty
Package: bm 2017/01/16 v1.2c Bold Symbol Support (DPC/FMi)
\symboldoperators=\mathgroup6
\symboldletters=\mathgroup7
\symboldsymbols=\mathgroup8
LaTeX Font Info:    Redeclaring math alphabet \mathbf on input line 141.
LaTeX Info: Redefining \bm on input line 207.
)
(D:\MikTex\tex/latex/amsfonts\amssymb.sty
Package: amssymb 2013/01/14 v3.01 AMS font symbols
)
(D:\MikTex\tex/latex/jknappen\mathrsfs.sty
Package: mathrsfs 1996/01/01 Math RSFS package v1.0 (jk)
\symrsfs=\mathgroup9
)
(D:\MikTex\tex/latex/base\latexsym.sty
Package: latexsym 1998/08/17 v2.2e Standard LaTeX package (lasy symbols)
\symlasy=\mathgroup10
LaTeX Font Info:    Overwriting symbol font `lasy' in version `bold'
(Font)                  U/lasy/m/n --> U/lasy/b/n on input line 52.
)
(D:\MikTex\tex/latex/titlesec\titlesec.sty
Package: titlesec 2016/03/21 v2.10.2 Sectioning titles
\ttl@box=\box31
\beforetitleunit=\skip62
\aftertitleunit=\skip63
\ttl@plus=\dimen123
\ttl@minus=\dimen124
\ttl@toksa=\toks33
\titlewidth=\dimen125
\titlewidthlast=\dimen126
\titlewidthfirst=\dimen127
)
(D:\MikTex\tex/latex/titlesec\titletoc.sty
Package: titletoc 2011/12/15 v1.6 TOC entries
\ttl@leftsep=\dimen128
)
(D:\MikTex\tex/latex/caption\caption.sty
Package: caption 2018/10/06 v3.3-154 Customizing captions (AR)

(D:\MikTex\tex/latex/caption\caption3.sty
Package: caption3 2018/09/12 v1.8c caption3 kernel (AR)
Package caption3 Info: TeX engine: e-TeX on input line 64.
\captionmargin=\dimen129
\captionmargin@=\dimen130
\captionwidth=\dimen131
\caption@tempdima=\dimen132
\caption@indent=\dimen133
\caption@parindent=\dimen134
\caption@hangindent=\dimen135
)
\c@caption@flags=\count103
\c@ContinuedFloat=\count104
)
(D:\MikTex\tex/latex/tools\longtable.sty
Package: longtable 2014/10/28 v4.11 Multi-page Table package (DPC)+ FMi change
\LTleft=\skip64
\LTright=\skip65
\LTpre=\skip66
\LTpost=\skip67
\LTchunksize=\count105
\LTcapwidth=\dimen136
\LT@head=\box32
\LT@firsthead=\box33
\LT@foot=\box34
\LT@lastfoot=\box35
\LT@cols=\count106
\LT@rows=\count107
\c@LT@tables=\count108
\c@LT@chunks=\count109
\LT@p@ftn=\toks34
)
(D:\MikTex\tex/latex/multirow\multirow.sty
Package: multirow 2019/01/01 v2.4 Span multiple rows of a table
\multirow@colwidth=\skip68
\multirow@cntb=\count110
\multirow@dima=\skip69
\bigstrutjot=\dimen137
)
(D:\MikTex\tex/latex/tools\hhline.sty
Package: hhline 2014/10/28 v2.03 Table rule package (DPC)
) (D:\MikTex\tex/latex/tools\tabularx.sty
Package: tabularx 2016/02/03 v2.11b `tabularx' package (DPC)

(D:\MikTex\tex/latex/tools\array.sty
Package: array 2018/12/30 v2.4k Tabular extension package (FMi)
\col@sep=\dimen138
\ar@mcellbox=\box36
\extrarowheight=\dimen139
\NC@list=\toks35
\extratabsurround=\skip70
\backup@length=\skip71
\ar@cellbox=\box37
)
\TX@col@width=\dimen140
\TX@old@table=\dimen141
\TX@old@col=\dimen142
\TX@target=\dimen143
\TX@delta=\dimen144
\TX@cols=\count111
\TX@ftn=\toks36
) (D:\MikTex\tex/latex/base\flafter.sty
Package: flafter 2018/11/28 v1.4d Standard LaTeX floats after reference (FMi)
Applying: [2015/01/01] float order in 2-column on input line 49.
Already applied: [0000/00/00] float order in 2-column on input line 151.
)
(D:\MikTex\tex/latex/psnfss\pifont.sty
Package: pifont 2005/04/12 PSNFSS-v9.2a Pi font support (SPQR) 
LaTeX Font Info:    Try loading font information for U+pzd on input line 63.
 (D:\MikTex\tex/latex/psnfss\upzd.fd
File: upzd.fd 2001/06/04 font definitions for U/pzd.
)
LaTeX Font Info:    Try loading font information for U+psy on input line 64.

(D:\MikTex\tex/latex/psnfss\upsy.fd
File: upsy.fd 2001/06/04 font definitions for U/psy.
)) (D:\MikTex\tex/latex/tools\calc.sty
Package: calc 2017/05/25 v4.3 Infix arithmetic (KKT,FJ)
\calc@Acount=\count112
\calc@Bcount=\count113
\calc@Adimen=\dimen145
\calc@Bdimen=\dimen146
\calc@Askip=\skip72
\calc@Bskip=\skip73
LaTeX Info: Redefining \setlength on input line 80.
LaTeX Info: Redefining \addtolength on input line 81.
\calc@Ccount=\count114
\calc@Cskip=\skip74
)
(D:\MikTex\tex/latex/colortbl\colortbl.sty
Package: colortbl 2018/12/12 v1.0d Color table columns (DPC)
\everycr=\toks37
\minrowclearance=\skip75
)
(D:\MikTex\tex/latex/booktabs\booktabs.sty
Package: booktabs 2005/04/14 v1.61803 publication quality tables
\heavyrulewidth=\dimen147
\lightrulewidth=\dimen148
\cmidrulewidth=\dimen149
\belowrulesep=\dimen150
\belowbottomsep=\dimen151
\aboverulesep=\dimen152
\abovetopsep=\dimen153
\cmidrulesep=\dimen154
\cmidrulekern=\dimen155
\defaultaddspace=\dimen156
\@cmidla=\count115
\@cmidlb=\count116
\@aboverulesep=\dimen157
\@belowrulesep=\dimen158
\@thisruleclass=\count117
\@lastruleclass=\count118
\@thisrulewidth=\dimen159
)
(D:\MikTex\tex/latex/base\fontenc.sty
Package: fontenc 2018/08/11 v2.0j Standard LaTeX package
 (D:\MikTex\tex/latex/base\t1enc.def
File: t1enc.def 2018/08/11 v2.0j Standard LaTeX file
LaTeX Font Info:    Redeclaring font encoding T1 on input line 48.
))
(D:\MikTex\tex/latex/bera\berasans.sty
Package: berasans 2004/01/30 (WaS)
) (D:\MikTex\tex/latex/url\url.sty
\Urlmuskip=\muskip11
Package: url 2013/09/16  ver 3.4  Verb mode for urls, etc.
)
(D:\MikTex\tex/latex/oberdiek\epstopdf.sty
Package: epstopdf 2016/05/15 v2.6 Conversion with epstopdf on the fly (HO)

(D:\MikTex\tex/latex/oberdiek\epstopdf-base.sty
Package: epstopdf-base 2016/05/15 v2.6 Base part for package epstopdf

(D:\MikTex\tex/generic/oberdiek\infwarerr.sty
Package: infwarerr 2016/05/16 v1.4 Providing info/warning/error messages (HO)
)
(D:\MikTex\tex/latex/oberdiek\grfext.sty
Package: grfext 2016/05/16 v1.2 Manage graphics extensions (HO)

(D:\MikTex\tex/generic/oberdiek\kvdefinekeys.sty
Package: kvdefinekeys 2016/05/16 v1.4 Define keys (HO)

(D:\MikTex\tex/generic/oberdiek\ltxcmds.sty
Package: ltxcmds 2016/05/16 v1.23 LaTeX kernel commands for general use (HO)
)))
(D:\MikTex\tex/latex/oberdiek\kvoptions.sty
Package: kvoptions 2016/05/16 v3.12 Key value format for package options (HO)

(D:\MikTex\tex/generic/oberdiek\kvsetkeys.sty
Package: kvsetkeys 2016/05/16 v1.17 Key value parser (HO)

(D:\MikTex\tex/generic/oberdiek\etexcmds.sty
Package: etexcmds 2016/05/16 v1.6 Avoid name clashes with e-TeX commands (HO)

(D:\MikTex\tex/generic/oberdiek\ifluatex.sty
Package: ifluatex 2016/05/16 v1.4 Provides the ifluatex switch (HO)
Package ifluatex Info: LuaTeX not detected.
))))
(D:\MikTex\tex/generic/oberdiek\pdftexcmds.sty
Package: pdftexcmds 2018/09/10 v0.29 Utility functions of pdfTeX for LuaTeX (HO
)
Package pdftexcmds Info: LuaTeX not detected.
Package pdftexcmds Info: \pdf@primitive is available.
Package pdftexcmds Info: \pdf@ifprimitive is available.
Package pdftexcmds Info: \pdfdraftmode found.
)
Package epstopdf-base Info: Redefining graphics rule for `.eps' on input line 4
38.
Package grfext Info: Graphics extension search list:
(grfext)             [.pdf,.png,.jpg,.mps,.jpeg,.jbig2,.jb2,.PDF,.PNG,.JPG,.JPE
G,.JBIG2,.JB2,.eps]
(grfext)             \AppendGraphicsExtensions on input line 456.
))
(D:\MikTex\tex/latex/hyperref\hyperref.sty
Package: hyperref 2018/11/30 v6.88e Hypertext links for LaTeX

(D:\MikTex\tex/generic/oberdiek\hobsub-hyperref.sty
Package: hobsub-hyperref 2016/05/16 v1.14 Bundle oberdiek, subset hyperref (HO)


(D:\MikTex\tex/generic/oberdiek\hobsub-generic.sty
Package: hobsub-generic 2016/05/16 v1.14 Bundle oberdiek, subset generic (HO)
Package: hobsub 2016/05/16 v1.14 Construct package bundles (HO)
Package hobsub Info: Skipping package `infwarerr' (already loaded).
Package hobsub Info: Skipping package `ltxcmds' (already loaded).
Package hobsub Info: Skipping package `ifluatex' (already loaded).
Package hobsub Info: Skipping package `ifvtex' (already loaded).
Package: intcalc 2016/05/16 v1.2 Expandable calculations with integers (HO)
Package hobsub Info: Skipping package `ifpdf' (already loaded).
Package hobsub Info: Skipping package `etexcmds' (already loaded).
Package hobsub Info: Skipping package `kvsetkeys' (already loaded).
Package hobsub Info: Skipping package `kvdefinekeys' (already loaded).
Package hobsub Info: Skipping package `pdftexcmds' (already loaded).
Package: pdfescape 2016/05/16 v1.14 Implements pdfTeX's escape features (HO)
Package: bigintcalc 2016/05/16 v1.4 Expandable calculations on big integers (HO
)
Package: bitset 2016/05/16 v1.2 Handle bit-vector datatype (HO)
Package: uniquecounter 2016/05/16 v1.3 Provide unlimited unique counter (HO)
)
Package hobsub Info: Skipping package `hobsub' (already loaded).
Package: letltxmacro 2016/05/16 v1.5 Let assignment for LaTeX macros (HO)
Package: hopatch 2016/05/16 v1.3 Wrapper for package hooks (HO)
Package: xcolor-patch 2016/05/16 xcolor patch
Package: atveryend 2016/05/16 v1.9 Hooks at the very end of document (HO)
Package atveryend Info: \enddocument detected (standard20110627).
Package: atbegshi 2016/06/09 v1.18 At begin shipout hook (HO)
Package: refcount 2016/05/16 v3.5 Data extraction from label references (HO)
Package: hycolor 2016/05/16 v1.8 Color options for hyperref/bookmark (HO)
)
(D:\MikTex\tex/latex/oberdiek\auxhook.sty
Package: auxhook 2016/05/16 v1.4 Hooks for auxiliary files (HO)
)
\@linkdim=\dimen160
\Hy@linkcounter=\count119
\Hy@pagecounter=\count120

(D:\MikTex\tex/latex/hyperref\pd1enc.def
File: pd1enc.def 2018/11/30 v6.88e Hyperref: PDFDocEncoding definition (HO)
Now handling font encoding PD1 ...
... no UTF-8 mapping file for font encoding PD1
)
\Hy@SavedSpaceFactor=\count121

(D:\MikTex\tex/latex/00miktex\hyperref.cfg
File: hyperref.cfg 2002/06/06 v1.2 hyperref configuration of TeXLive
)
Package hyperref Info: Hyper figures OFF on input line 4519.
Package hyperref Info: Link nesting OFF on input line 4524.
Package hyperref Info: Hyper index ON on input line 4527.
Package hyperref Info: Plain pages OFF on input line 4534.
Package hyperref Info: Backreferencing OFF on input line 4539.
Package hyperref Info: Implicit mode ON; LaTeX internals redefined.
Package hyperref Info: Bookmarks ON on input line 4772.
\c@Hy@tempcnt=\count122
LaTeX Info: Redefining \url on input line 5125.
\XeTeXLinkMargin=\dimen161
\Fld@menulength=\count123
\Field@Width=\dimen162
\Fld@charsize=\dimen163
Package hyperref Info: Hyper figures OFF on input line 6380.
Package hyperref Info: Link nesting OFF on input line 6385.
Package hyperref Info: Hyper index ON on input line 6388.
Package hyperref Info: backreferencing OFF on input line 6395.
Package hyperref Info: Link coloring OFF on input line 6400.
Package hyperref Info: Link coloring with OCG OFF on input line 6405.
Package hyperref Info: PDF/A mode OFF on input line 6410.
LaTeX Info: Redefining \ref on input line 6450.
LaTeX Info: Redefining \pageref on input line 6454.
\Hy@abspage=\count124
\c@Item=\count125
\c@Hfootnote=\count126
)
Package hyperref Info: Driver (autodetected): hpdftex.

(D:\MikTex\tex/latex/hyperref\hpdftex.def
File: hpdftex.def 2018/11/30 v6.88e Hyperref driver for pdfTeX
\Fld@listcount=\count127
\c@bookmark@seq@number=\count128

(D:\MikTex\tex/latex/oberdiek\rerunfilecheck.sty
Package: rerunfilecheck 2016/05/16 v1.8 Rerun checks for auxiliary files (HO)
Package uniquecounter Info: New unique counter `rerunfilecheck' on input line 2
82.
)
\Hy@SectionHShift=\skip76
)
\@abstract=\box38
\c@Theorem=\count129
)
(D:\MikTex\tex/latex/psnfss\palatino.sty
Package: palatino 2005/04/12 PSNFSS-v9.2a (SPQR) 
) (PAPER.aux)
\openout1 = `PAPER.aux'.

LaTeX Font Info:    Checking defaults for OML/cmm/m/it on input line 17.
LaTeX Font Info:    ... okay on input line 17.
LaTeX Font Info:    Checking defaults for T1/cmr/m/n on input line 17.
LaTeX Font Info:    ... okay on input line 17.
LaTeX Font Info:    Checking defaults for OT1/cmr/m/n on input line 17.
LaTeX Font Info:    ... okay on input line 17.
LaTeX Font Info:    Checking defaults for OMS/cmsy/m/n on input line 17.
LaTeX Font Info:    ... okay on input line 17.
LaTeX Font Info:    Checking defaults for OMX/cmex/m/n on input line 17.
LaTeX Font Info:    ... okay on input line 17.
LaTeX Font Info:    Checking defaults for U/cmr/m/n on input line 17.
LaTeX Font Info:    ... okay on input line 17.
LaTeX Font Info:    Checking defaults for PD1/pdf/m/n on input line 17.
LaTeX Font Info:    ... okay on input line 17.
LaTeX Font Info:    Try loading font information for T1+ppl on input line 17.

(D:\MikTex\tex/latex/psnfss\t1ppl.fd
File: t1ppl.fd 2001/06/04 font definitions for T1/ppl.
)
*geometry* driver: auto-detecting
*geometry* detected driver: pdftex
*geometry* verbose mode - [ preamble ] result:
* driver: pdftex
* paper: a4paper
* layout: <same size as paper>
* layoutoffset:(h,v)=(0.0pt,0.0pt)
* modes: 
* h-part:(L,W,R)=(71.13188pt, 455.24411pt, 71.13188pt)
* v-part:(T,H,B)=(71.13188pt, 731.23584pt, 42.67912pt)
* \paperwidth=597.50787pt
* \paperheight=845.04684pt
* \textwidth=455.24411pt
* \textheight=731.23584pt
* \oddsidemargin=-1.1381pt
* \evensidemargin=-1.1381pt
* \topmargin=-38.1381pt
* \headheight=15.0pt
* \headsep=25.0pt
* \topskip=12.0pt
* \footskip=30.0pt
* \marginparwidth=44.0pt
* \marginparsep=10.0pt
* \columnsep=10.0pt
* \skip\footins=10.8pt plus 4.0pt minus 2.0pt
* \hoffset=0.0pt
* \voffset=0.0pt
* \mag=1000
* \@twocolumnfalse
* \@twosidefalse
* \@mparswitchfalse
* \@reversemarginfalse
* (1in=72.27pt=25.4mm, 1cm=28.453pt)

(D:\MikTex\tex/context/base/mkii\supp-pdf.mkii
[Loading MPS to PDF converter (version 2006.09.02).]
\scratchcounter=\count130
\scratchdimen=\dimen164
\scratchbox=\box39
\nofMPsegments=\count131
\nofMParguments=\count132
\everyMPshowfont=\toks38
\MPscratchCnt=\count133
\MPscratchDim=\dimen165
\MPnumerator=\count134
\makeMPintoPDFobject=\count135
\everyMPtoPDFconversion=\toks39
)
Package lastpage Info: Please have a look at the pageslts package at
(lastpage)             https://www.ctan.org/pkg/pageslts
(lastpage)             ! on input line 17.
Package caption Info: Begin \AtBeginDocument code.
Package caption Info: hyperref package is loaded.
Package caption Info: longtable package is loaded.
 (D:\MikTex\tex/latex/caption\ltcaption.sty
Package: ltcaption 2018/08/26 v1.4-95 longtable captions (AR)
)
Package caption Info: End \AtBeginDocument code.
\AtBeginShipoutBox=\box40
Package hyperref Info: Link coloring OFF on input line 17.

(D:\MikTex\tex/latex/hyperref\nameref.sty
Package: nameref 2016/05/21 v2.44 Cross-referencing by name of section

(D:\MikTex\tex/generic/oberdiek\gettitlestring.sty
Package: gettitlestring 2016/05/16 v1.5 Cleanup title references (HO)
)
\c@section@level=\count136
)
LaTeX Info: Redefining \ref on input line 17.
LaTeX Info: Redefining \pageref on input line 17.
LaTeX Info: Redefining \nameref on input line 17.
 (PAPER.out) (PAPER.out)
\@outlinefile=\write4
\openout4 = `PAPER.out'.


(ABSTRACT.tex
LaTeX Font Info:    Try loading font information for U+msa on input line 24.
 (D:\MikTex\tex/latex/amsfonts\umsa.fd
File: umsa.fd 2013/01/14 v3.01 AMS symbols A
)
LaTeX Font Info:    Try loading font information for U+msb on input line 24.

(D:\MikTex\tex/latex/amsfonts\umsb.fd
File: umsb.fd 2013/01/14 v3.01 AMS symbols B
)
LaTeX Font Info:    Try loading font information for U+rsfs on input line 24.
 (D:\MikTex\tex/latex/jknappen\ursfs.fd
File: ursfs.fd 1998/03/24 rsfs font definition file (jk)
)
LaTeX Font Info:    Try loading font information for U+lasy on input line 24.

(D:\MikTex\tex/latex/base\ulasy.fd
File: ulasy.fd 1998/08/17 v2.2e LaTeX symbol font definitions
)
LaTeX Font Info:    Try loading font information for T1+fvs on input line 45.
 (D:\MikTex\tex/latex/bera\t1fvs.fd
File: t1fvs.fd 2004/09/07 scalable font definitions for T1/fvs.
)
LaTeX Font Info:    Font shape `T1/fvs/m/n' will be
(Font)              scaled to size 10.79993pt on input line 45.
LaTeX Font Info:    Font shape `T1/fvs/m/n' will be
(Font)              scaled to size 34.19977pt on input line 45.
LaTeX Font Info:    Font shape `T1/fvs/bx/n' in size <38> not available
(Font)              Font shape `T1/fvs/b/n' tried instead on input line 45.
LaTeX Font Info:    Font shape `T1/fvs/b/n' will be
(Font)              scaled to size 34.19977pt on input line 45.
LaTeX Font Info:    Font shape `T1/fvs/m/n' will be
(Font)              scaled to size 16.19989pt on input line 45.
LaTeX Font Info:    Font shape `T1/fvs/bx/n' in size <18> not available
(Font)              Font shape `T1/fvs/b/n' tried instead on input line 45.
LaTeX Font Info:    Font shape `T1/fvs/b/n' will be
(Font)              scaled to size 16.19989pt on input line 45.
LaTeX Font Info:    Font shape `T1/fvs/bx/n' in size <12> not available
(Font)              Font shape `T1/fvs/b/n' tried instead on input line 45.
LaTeX Font Info:    Font shape `T1/fvs/b/n' will be
(Font)              scaled to size 10.79993pt on input line 45.
LaTeX Font Info:    Font shape `T1/fvs/m/n' will be
(Font)              scaled to size 15.55188pt on input line 45.
LaTeX Font Info:    Font shape `T1/ppl/bx/n' in size <17.28> not available
(Font)              Font shape `T1/ppl/b/n' tried instead on input line 45.
LaTeX Font Info:    Font shape `T1/ppl/bx/n' in size <14.4> not available
(Font)              Font shape `T1/ppl/b/n' tried instead on input line 45.

[-100

{C:/Users/lenovo/AppData/Local/MiKTeX/2.9/pdftex/config/pdftex.map}]
(PAPER.toc
LaTeX Font Info:    Font shape `T1/ppl/bx/n' in size <12> not available
(Font)              Font shape `T1/ppl/b/n' tried instead on input line 1.
)
\tf@toc=\write5
\openout5 = `PAPER.toc'.

 [-99]) [1]
<./picture/model.jpg, id=173, 638.385pt x 454.69875pt>
File: ./picture/model.jpg Graphic file (type jpg)
<use ./picture/model.jpg>
Package pdftex.def Info: ./picture/model.jpg  used on input line 101.
(pdftex.def)             Requested size: 398.33858pt x 283.72116pt.
 [2]
<./picture/bathtub.png, id=193, 707.64375pt x 523.9575pt>
File: ./picture/bathtub.png Graphic file (type png)
<use ./picture/bathtub.png>
Package pdftex.def Info: ./picture/bathtub.png  used on input line 142.
(pdftex.def)             Requested size: 341.43306pt x 252.8079pt.
<./picture/sp2.png, id=196, 361.8318pt x 248.127pt>
File: ./picture/sp2.png Graphic file (type png)
<use ./picture/sp2.png>
Package pdftex.def Info: ./picture/sp2.png  used on input line 153.
(pdftex.def)             Requested size: 341.43306pt x 234.14806pt.
 [3 <./picture/model.jpg>] [4 <./picture/bathtub.png (PNG copy)> <./picture/sp2
.png>]
LaTeX Font Info:    Try loading font information for OMS+ppl on input line 165.

 (D:\MikTex\tex/latex/psnfss\omsppl.fd
File: omsppl.fd 
)
LaTeX Font Info:    Font shape `OMS/ppl/m/n' in size <12> not available
(Font)              Font shape `OMS/cmsy/m/n' tried instead on input line 165.

[5] [6]
<./picture/1200.png, id=238, 431.6125pt x 350.30875pt>
File: ./picture/1200.png Graphic file (type png)
<use ./picture/1200.png>
Package pdftex.def Info: ./picture/1200.png  used on input line 283.
(pdftex.def)             Requested size: 199.16928pt x 161.65178pt.
Package epstopdf Info: Source file: <./picture/natrue.eps>
(epstopdf)                    date: 2018-01-22 11:18:53
(epstopdf)                    size: 34000 bytes
(epstopdf)             Output file: <./picture/natrue-eps-converted-to.pdf>
(epstopdf)                    date: 2018-01-23 16:40:56
(epstopdf)                    size: 9616 bytes
(epstopdf)             Command: <epstopdf --outfile=./picture/natrue-eps-conver
ted-to.pdf ./picture/natrue.eps>
(epstopdf)             \includegraphics on input line 284.
Package epstopdf Info: Output file is already uptodate.
<./picture/natrue-eps-converted-to.pdf, id=239, 421.575pt x 316.18124pt>
File: ./picture/natrue-eps-converted-to.pdf Graphic file (type pdf)
<use ./picture/natrue-eps-converted-to.pdf>
Package pdftex.def Info: ./picture/natrue-eps-converted-to.pdf  used on input l
ine 284.
(pdftex.def)             Requested size: 199.16928pt x 149.37712pt.
 [7 <./picture/1200.png> <./picture/natrue-eps-converted-to.pdf>]
Package epstopdf Info: Source file: <./picture/38404245.eps>
(epstopdf)                    date: 2018-01-22 13:25:50
(epstopdf)                    size: 62180 bytes
(epstopdf)             Output file: <./picture/38404245-eps-converted-to.pdf>
(epstopdf)                    date: 2018-01-23 16:14:30
(epstopdf)                    size: 18112 bytes
(epstopdf)             Command: <epstopdf --outfile=./picture/38404245-eps-conv
erted-to.pdf ./picture/38404245.eps>
(epstopdf)             \includegraphics on input line 331.
Package epstopdf Info: Output file is already uptodate.
<./picture/38404245-eps-converted-to.pdf, id=255, 421.575pt x 316.18124pt>
File: ./picture/38404245-eps-converted-to.pdf Graphic file (type pdf)
<use ./picture/38404245-eps-converted-to.pdf>
Package pdftex.def Info: ./picture/38404245-eps-converted-to.pdf  used on input
 line 331.
(pdftex.def)             Requested size: 284.52756pt x 213.39865pt.

[8]
Package epstopdf Info: Source file: <./picture/5min.eps>
(epstopdf)                    date: 2018-01-22 11:18:16
(epstopdf)                    size: 52659 bytes
(epstopdf)             Output file: <./picture/5min-eps-converted-to.pdf>
(epstopdf)                    date: 2018-01-23 17:16:05
(epstopdf)                    size: 17337 bytes
(epstopdf)             Command: <epstopdf --outfile=./picture/5min-eps-converte
d-to.pdf ./picture/5min.eps>
(epstopdf)             \includegraphics on input line 363.
Package epstopdf Info: Output file is already uptodate.
<./picture/5min-eps-converted-to.pdf, id=265, 421.575pt x 316.18124pt>
File: ./picture/5min-eps-converted-to.pdf Graphic file (type pdf)
<use ./picture/5min-eps-converted-to.pdf>
Package pdftex.def Info: ./picture/5min-eps-converted-to.pdf  used on input lin
e 363.
(pdftex.def)             Requested size: 284.52756pt x 213.39865pt.
Package epstopdf Info: Source file: <./picture/twice.eps>
(epstopdf)                    date: 2018-01-22 11:54:45
(epstopdf)                    size: 103569 bytes
(epstopdf)             Output file: <./picture/twice-eps-converted-to.pdf>
(epstopdf)                    date: 2018-01-23 17:48:07
(epstopdf)                    size: 13976 bytes
(epstopdf)             Command: <epstopdf --outfile=./picture/twice-eps-convert
ed-to.pdf ./picture/twice.eps>
(epstopdf)             \includegraphics on input line 383.
Package epstopdf Info: Output file is already uptodate.
<./picture/twice-eps-converted-to.pdf, id=267, 421.575pt x 316.18124pt>
File: ./picture/twice-eps-converted-to.pdf Graphic file (type pdf)
<use ./picture/twice-eps-converted-to.pdf>
Package pdftex.def Info: ./picture/twice-eps-converted-to.pdf  used on input li
ne 383.
(pdftex.def)             Requested size: 284.52756pt x 213.39865pt.
 [9 <./picture/38404245-eps-converted-to.pdf>] [10 <./picture/5min-eps-converte
d-to.pdf> <./picture/twice-eps-converted-to.pdf>]
Package epstopdf Info: Source file: <./picture/s38404245.eps>
(epstopdf)                    date: 2018-01-22 11:20:12
(epstopdf)                    size: 63600 bytes
(epstopdf)             Output file: <./picture/s38404245-eps-converted-to.pdf>
(epstopdf)                    date: 2018-01-23 16:14:31
(epstopdf)                    size: 17018 bytes
(epstopdf)             Command: <epstopdf --outfile=./picture/s38404245-eps-con
verted-to.pdf ./picture/s38404245.eps>
(epstopdf)             \includegraphics on input line 407.
Package epstopdf Info: Output file is already uptodate.
<./picture/s38404245-eps-converted-to.pdf, id=295, 421.575pt x 316.18124pt>
File: ./picture/s38404245-eps-converted-to.pdf Graphic file (type pdf)
<use ./picture/s38404245-eps-converted-to.pdf>
Package pdftex.def Info: ./picture/s38404245-eps-converted-to.pdf  used on inpu
t line 407.
(pdftex.def)             Requested size: 284.52756pt x 213.39865pt.
Package epstopdf Info: Source file: <./picture/stwice.eps>
(epstopdf)                    date: 2018-01-22 12:00:12
(epstopdf)                    size: 103146 bytes
(epstopdf)             Output file: <./picture/stwice-eps-converted-to.pdf>
(epstopdf)                    date: 2018-01-23 18:12:35
(epstopdf)                    size: 12634 bytes
(epstopdf)             Command: <epstopdf --outfile=./picture/stwice-eps-conver
ted-to.pdf ./picture/stwice.eps>
(epstopdf)             \includegraphics on input line 419.
Package epstopdf Info: Output file is already uptodate.
<./picture/stwice-eps-converted-to.pdf, id=297, 421.575pt x 316.18124pt>
File: ./picture/stwice-eps-converted-to.pdf Graphic file (type pdf)
<use ./picture/stwice-eps-converted-to.pdf>
Package pdftex.def Info: ./picture/stwice-eps-converted-to.pdf  used on input l
ine 419.
(pdftex.def)             Requested size: 284.52756pt x 213.39865pt.
Package epstopdf Info: Source file: <./picture/1060100.eps>
(epstopdf)                    date: 2018-01-22 13:34:11
(epstopdf)                    size: 43477 bytes
(epstopdf)             Output file: <./picture/1060100-eps-converted-to.pdf>
(epstopdf)                    date: 2018-01-23 18:36:30
(epstopdf)                    size: 12097 bytes
(epstopdf)             Command: <epstopdf --outfile=./picture/1060100-eps-conve
rted-to.pdf ./picture/1060100.eps>
(epstopdf)             \includegraphics on input line 453.
Package epstopdf Info: Output file is already uptodate.
<./picture/1060100-eps-converted-to.pdf, id=300, 421.575pt x 316.18124pt>
File: ./picture/1060100-eps-converted-to.pdf Graphic file (type pdf)
<use ./picture/1060100-eps-converted-to.pdf>
Package pdftex.def Info: ./picture/1060100-eps-converted-to.pdf  used on input 
line 453.
(pdftex.def)             Requested size: 284.52756pt x 213.39865pt.
 [11 <./picture/s38404245-eps-converted-to.pdf>]
Package epstopdf Info: Source file: <./picture/qt.eps>
(epstopdf)                    date: 2018-01-22 13:41:41
(epstopdf)                    size: 99578 bytes
(epstopdf)             Output file: <./picture/qt-eps-converted-to.pdf>
(epstopdf)                    date: 2018-01-23 19:49:56
(epstopdf)                    size: 11849 bytes
(epstopdf)             Command: <epstopdf --outfile=./picture/qt-eps-converted-
to.pdf ./picture/qt.eps>
(epstopdf)             \includegraphics on input line 472.
Package epstopdf Info: Output file is already uptodate.
<./picture/qt-eps-converted-to.pdf, id=315, 421.575pt x 316.18124pt>
File: ./picture/qt-eps-converted-to.pdf Graphic file (type pdf)
<use ./picture/qt-eps-converted-to.pdf>
Package pdftex.def Info: ./picture/qt-eps-converted-to.pdf  used on input line 
472.
(pdftex.def)             Requested size: 284.52756pt x 213.39865pt.
Package epstopdf Info: Source file: <./picture/s_1060100.eps>
(epstopdf)                    date: 2018-01-22 13:33:59
(epstopdf)                    size: 46578 bytes
(epstopdf)             Output file: <./picture/s_1060100-eps-converted-to.pdf>
(epstopdf)                    date: 2018-01-23 19:54:53
(epstopdf)                    size: 11206 bytes
(epstopdf)             Command: <epstopdf --outfile=./picture/s_1060100-eps-con
verted-to.pdf ./picture/s_1060100.eps>
(epstopdf)             \includegraphics on input line 483.
Package epstopdf Info: Output file is already uptodate.
<./picture/s_1060100-eps-converted-to.pdf, id=317, 421.575pt x 316.18124pt>
File: ./picture/s_1060100-eps-converted-to.pdf Graphic file (type pdf)
<use ./picture/s_1060100-eps-converted-to.pdf>
Package pdftex.def Info: ./picture/s_1060100-eps-converted-to.pdf  used on inpu
t line 483.
(pdftex.def)             Requested size: 284.52756pt x 213.39865pt.

Overfull \hbox (2.27792pt too wide) in paragraph at lines 477--486
[] []\T1/ppl/b/n/12 Un-even tem-per-a-ture[] \T1/ppl/m/n/12 We tested con-tin-u
-ing in-flow meth-ods, and the re-sults are shown
 []

[12 <./picture/stwice-eps-converted-to.pdf>] [13 <./picture/1060100-eps-convert
ed-to.pdf> <./picture/qt-eps-converted-to.pdf>]
Package epstopdf Info: Source file: <./picture/strategy.eps>
(epstopdf)                    date: 2018-01-22 13:58:03
(epstopdf)                    size: 139096 bytes
(epstopdf)             Output file: <./picture/strategy-eps-converted-to.pdf>
(epstopdf)                    date: 2018-01-24 11:42:06
(epstopdf)                    size: 25751 bytes
(epstopdf)             Command: <epstopdf --outfile=./picture/strategy-eps-conv
erted-to.pdf ./picture/strategy.eps>
(epstopdf)             \includegraphics on input line 516.
Package epstopdf Info: Output file is already uptodate.
<./picture/strategy-eps-converted-to.pdf, id=351, 421.575pt x 316.18124pt>
File: ./picture/strategy-eps-converted-to.pdf Graphic file (type pdf)
<use ./picture/strategy-eps-converted-to.pdf>
Package pdftex.def Info: ./picture/strategy-eps-converted-to.pdf  used on input
 line 516.
(pdftex.def)             Requested size: 207.7052pt x 155.77928pt.
Package epstopdf Info: Source file: <./picture/s_strategy.eps>
(epstopdf)                    date: 2018-01-22 13:58:16
(epstopdf)                    size: 137090 bytes
(epstopdf)             Output file: <./picture/s_strategy-eps-converted-to.pdf>

(epstopdf)                    date: 2018-01-24 11:42:07
(epstopdf)                    size: 24047 bytes
(epstopdf)             Command: <epstopdf --outfile=./picture/s_strategy-eps-co
nverted-to.pdf ./picture/s_strategy.eps>
(epstopdf)             \includegraphics on input line 517.
Package epstopdf Info: Output file is already uptodate.
<./picture/s_strategy-eps-converted-to.pdf, id=352, 421.575pt x 316.18124pt>
File: ./picture/s_strategy-eps-converted-to.pdf Graphic file (type pdf)
<use ./picture/s_strategy-eps-converted-to.pdf>
Package pdftex.def Info: ./picture/s_strategy-eps-converted-to.pdf  used on inp
ut line 517.
(pdftex.def)             Requested size: 207.7052pt x 155.77928pt.
<./picture/check.png, id=354, 380.42125pt x 375.4025pt>
File: ./picture/check.png Graphic file (type png)
<use ./picture/check.png>
Package pdftex.def Info: ./picture/check.png  used on input line 526.
(pdftex.def)             Requested size: 199.16928pt x 196.54509pt.
 [14 <./picture/s_1060100-eps-converted-to.pdf>]
<./picture/m2.png, id=367, 436.63126pt x 349.305pt>
File: ./picture/m2.png Graphic file (type png)
<use ./picture/m2.png>
Package pdftex.def Info: ./picture/m2.png  used on input line 558.
(pdftex.def)             Requested size: 199.16928pt x 159.33376pt.
File: ./picture/1200.png Graphic file (type png)
<use ./picture/1200.png>
Package pdftex.def Info: ./picture/1200.png  used on input line 559.
(pdftex.def)             Requested size: 199.16928pt x 161.65178pt.
 [15 <./picture/strategy-eps-converted-to.pdf> <./picture/s_strategy-eps-conver
ted-to.pdf> <./picture/check.png>]
Package epstopdf Info: Source file: <./picture/TY.eps>
(epstopdf)                    date: 2018-01-23 20:59:05
(epstopdf)                    size: 27127 bytes
(epstopdf)             Output file: <./picture/TY-eps-converted-to.pdf>
(epstopdf)                    date: 2018-01-23 21:02:56
(epstopdf)                    size: 5466 bytes
(epstopdf)             Command: <epstopdf --outfile=./picture/TY-eps-converted-
to.pdf ./picture/TY.eps>
(epstopdf)             \includegraphics on input line 566.
Package epstopdf Info: Output file is already uptodate.
<./picture/TY-eps-converted-to.pdf, id=389, 421.575pt x 316.18124pt>
File: ./picture/TY-eps-converted-to.pdf Graphic file (type pdf)
<use ./picture/TY-eps-converted-to.pdf>
Package pdftex.def Info: ./picture/TY-eps-converted-to.pdf  used on input line 
566.
(pdftex.def)             Requested size: 199.16928pt x 149.37712pt.
Package epstopdf Info: Source file: <./picture/sTY.eps>
(epstopdf)                    date: 2018-01-23 21:00:37
(epstopdf)                    size: 27201 bytes
(epstopdf)             Output file: <./picture/sTY-eps-converted-to.pdf>
(epstopdf)                    date: 2018-01-23 21:02:57
(epstopdf)                    size: 5386 bytes
(epstopdf)             Command: <epstopdf --outfile=./picture/sTY-eps-converted
-to.pdf ./picture/sTY.eps>
(epstopdf)             \includegraphics on input line 567.
Package epstopdf Info: Output file is already uptodate.
<./picture/sTY-eps-converted-to.pdf, id=390, 421.575pt x 316.18124pt>
File: ./picture/sTY-eps-converted-to.pdf Graphic file (type pdf)
<use ./picture/sTY-eps-converted-to.pdf>
Package pdftex.def Info: ./picture/sTY-eps-converted-to.pdf  used on input line
 567.
(pdftex.def)             Requested size: 199.16928pt x 149.37712pt.
Package epstopdf Info: Source file: <./picture/Smaller.eps>
(epstopdf)                    date: 2018-01-23 21:20:33
(epstopdf)                    size: 41097 bytes
(epstopdf)             Output file: <./picture/Smaller-eps-converted-to.pdf>
(epstopdf)                    date: 2018-01-23 21:41:51
(epstopdf)                    size: 8011 bytes
(epstopdf)             Command: <epstopdf --outfile=./picture/Smaller-eps-conve
rted-to.pdf ./picture/Smaller.eps>
(epstopdf)             \includegraphics on input line 587.
Package epstopdf Info: Output file is already uptodate.
<./picture/Smaller-eps-converted-to.pdf, id=392, 421.575pt x 316.18124pt>
File: ./picture/Smaller-eps-converted-to.pdf Graphic file (type pdf)
<use ./picture/Smaller-eps-converted-to.pdf>
Package pdftex.def Info: ./picture/Smaller-eps-converted-to.pdf  used on input 
line 587.
(pdftex.def)             Requested size: 284.52756pt x 213.39865pt.
 [16 <./picture/m2.png> <./picture/TY-eps-converted-to.pdf> <./picture/sTY-eps-
converted-to.pdf>]
<./picture/side.png, id=417, 421.575pt x 345.29pt>
File: ./picture/side.png Graphic file (type png)
<use ./picture/side.png>
Package pdftex.def Info: ./picture/side.png  used on input line 613.
(pdftex.def)             Requested size: 199.16928pt x 163.1293pt.
<./picture/center.png, id=418, 425.59pt x 338.26375pt>
File: ./picture/center.png Graphic file (type png)
<use ./picture/center.png>
Package pdftex.def Info: ./picture/center.png  used on input line 614.
(pdftex.def)             Requested size: 199.16928pt x 158.30266pt.
Package epstopdf Info: Source file: <./picture/cc.eps>
(epstopdf)                    date: 2018-01-23 22:27:14
(epstopdf)                    size: 36666 bytes
(epstopdf)             Output file: <./picture/cc-eps-converted-to.pdf>
(epstopdf)                    date: 2018-01-23 22:31:22
(epstopdf)                    size: 10493 bytes
(epstopdf)             Command: <epstopdf --outfile=./picture/cc-eps-converted-
to.pdf ./picture/cc.eps>
(epstopdf)             \includegraphics on input line 621.
Package epstopdf Info: Output file is already uptodate.
<./picture/cc-eps-converted-to.pdf, id=419, 421.575pt x 316.18124pt>
File: ./picture/cc-eps-converted-to.pdf Graphic file (type pdf)
<use ./picture/cc-eps-converted-to.pdf>
Package pdftex.def Info: ./picture/cc-eps-converted-to.pdf  used on input line 
621.
(pdftex.def)             Requested size: 199.16928pt x 149.37712pt.
Package epstopdf Info: Source file: <./picture/s_cc.eps>
(epstopdf)                    date: 2018-01-23 22:27:25
(epstopdf)                    size: 37175 bytes
(epstopdf)             Output file: <./picture/s_cc-eps-converted-to.pdf>
(epstopdf)                    date: 2018-01-23 22:31:22
(epstopdf)                    size: 11010 bytes
(epstopdf)             Command: <epstopdf --outfile=./picture/s_cc-eps-converte
d-to.pdf ./picture/s_cc.eps>
(epstopdf)             \includegraphics on input line 622.
Package epstopdf Info: Output file is already uptodate.
<./picture/s_cc-eps-converted-to.pdf, id=420, 421.575pt x 316.18124pt>
File: ./picture/s_cc-eps-converted-to.pdf Graphic file (type pdf)
<use ./picture/s_cc-eps-converted-to.pdf>
Package pdftex.def Info: ./picture/s_cc-eps-converted-to.pdf  used on input lin
e 622.
(pdftex.def)             Requested size: 199.16928pt x 149.37712pt.
<./picture/123.jpg, id=422, 722.7pt x 630.9171pt>
File: ./picture/123.jpg Graphic file (type jpg)
<use ./picture/123.jpg>
Package pdftex.def Info: ./picture/123.jpg  used on input line 633.
(pdftex.def)             Requested size: 227.62204pt x 198.71106pt.
LaTeX Font Info:    Try loading font information for T1+pcr on input line 635.

(D:\MikTex\tex/latex/psnfss\t1pcr.fd
File: t1pcr.fd 2001/06/04 font definitions for T1/pcr.
) [17 <./picture/Smaller-eps-converted-to.pdf> <./picture/side.png> <./picture/
center.png>] [18 <./picture/cc-eps-converted-to.pdf> <./picture/s_cc-eps-conver
ted-to.pdf> <./picture/123.jpg>]
<./picture/picture.jpg, id=454, 1003.75pt x 752.8125pt>
File: ./picture/picture.jpg Graphic file (type jpg)
<use ./picture/picture.jpg>
Package pdftex.def Info: ./picture/picture.jpg  used on input line 688.
(pdftex.def)             Requested size: 199.16928pt x 149.37666pt.
<./picture/paopao.png, id=455, 609.27625pt x 335.2525pt>
File: ./picture/paopao.png Graphic file (type png)
<use ./picture/paopao.png>
Package pdftex.def Info: ./picture/paopao.png  used on input line 689.
(pdftex.def)             Requested size: 199.16928pt x 109.59009pt.
 [19]
Package epstopdf Info: Source file: <./picture/T38.eps>
(epstopdf)                    date: 2018-01-24 09:12:24
(epstopdf)                    size: 76071 bytes
(epstopdf)             Output file: <./picture/T38-eps-converted-to.pdf>
(epstopdf)                    date: 2018-01-24 09:14:04
(epstopdf)                    size: 25754 bytes
(epstopdf)             Command: <epstopdf --outfile=./picture/T38-eps-converted
-to.pdf ./picture/T38.eps>
(epstopdf)             \includegraphics on input line 716.
Package epstopdf Info: Output file is already uptodate.
<./picture/T38-eps-converted-to.pdf, id=468, 421.575pt x 316.18124pt>
File: ./picture/T38-eps-converted-to.pdf Graphic file (type pdf)
<use ./picture/T38-eps-converted-to.pdf>
Package pdftex.def Info: ./picture/T38-eps-converted-to.pdf  used on input line
 716.
(pdftex.def)             Requested size: 284.52756pt x 213.39865pt.

Overfull \hbox (6.28198pt too wide) in paragraph at lines 729--734
\T1/ppl/m/n/12 lit-tle on the shape/volume/material of the bath-tub and the sha
pe/volume/temperature
 []

[20 <./picture/picture.jpg> <./picture/paopao.png>] [21 <./picture/T38-eps-conv
erted-to.pdf>] [22] [23

]
Underfull \hbox (badness 10000) in paragraph at lines 835--837
[] $\T1/pcr/m/n/12 h t t p s : / / e n . w i k i p e d i a . o r g / w i k i / 
P a r t i a l _ d i f f e r e n t i a l _ e q u a t i o
 []


Underfull \hbox (badness 1484) in paragraph at lines 854--856
[]\T1/ppl/m/n/12 CWanamaker: How to Cal-cu-late Wa-ter Evap-o-ra-tion Loss in a
 Swim-ming
 []


Underfull \hbox (badness 10000) in paragraph at lines 854--856
[] $\T1/pcr/m/n/12 h t t p s : / / d e n g a r d e n . c o m / s w i m m i n g 
-[] p o o l s / D e t e r m i n e -[] E v a p o r a t i o n
 []


AED: lastpage setting LastPage
[24

]
Package atveryend Info: Empty hook `BeforeClearDocument' on input line 858.
Package atveryend Info: Empty hook `AfterLastShipout' on input line 858.
 (PAPER.aux)
Package atveryend Info: Executing hook `AtVeryEndDocument' on input line 858.
Package atveryend Info: Executing hook `AtEndAfterFileList' on input line 858.
Package rerunfilecheck Info: File `PAPER.out' has not changed.
(rerunfilecheck)             Checksum: 255C25CB067C6FCADCC4E1E62034386E;2022.
Package atveryend Info: Empty hook `AtVeryVeryEnd' on input line 858.
 ) 
Here is how much of TeX's memory you used:
 10172 strings out of 492946
 145201 string characters out of 3143493
 258754 words of memory out of 3000000
 13649 multiletter control sequences out of 15000+200000
 65220 words of font info for 117 fonts, out of 3000000 for 9000
 1141 hyphenation exceptions out of 8191
 49i,12n,45p,415b,536s stack positions out of 5000i,500n,10000p,200000b,50000s
{D:/MikTex/fonts/enc/dvips/base/8r.enc}<D:/MikTex/fonts/type1/public/amsfonts
/cm/cmmi10.pfb><D:/MikTex/fonts/type1/public/amsfonts/cm/cmmi12.pfb><D:/MikTex/
fonts/type1/public/amsfonts/cm/cmmi8.pfb><D:/MikTex/fonts/type1/public/amsfonts
/cm/cmr10.pfb><D:/MikTex/fonts/type1/public/amsfonts/cm/cmr12.pfb><D:/MikTex/fo
nts/type1/public/amsfonts/cm/cmr8.pfb><D:/MikTex/fonts/type1/public/amsfonts/cm
/cmsy10.pfb><D:/MikTex/fonts/type1/public/amsfonts/cm/cmsy8.pfb><D:/MikTex/font
s/type1/bera/fvsb8a.pfb><D:/MikTex/fonts/type1/bera/fvsr8a.pfb><D:/MikTex/fonts
/type1/urw/courier/ucrr8a.pfb><D:/MikTex/fonts/type1/urw/palatino/uplb8a.pfb><D
:/MikTex/fonts/type1/urw/palatino/uplr8a.pfb><D:/MikTex/fonts/type1/urw/palatin
o/uplri8a.pfb>
Output written on PAPER.pdf (26 pages, 1489724 bytes).
PDF statistics:
 599 PDF objects out of 1000 (max. 8388607)
 130 named destinations out of 1000 (max. 500000)
 365 words of extra memory for PDF output out of 10000 (max. 10000000)

